Flow report for contador-inventario-layzacs
Tue Dec  3 18:05:36 2019
Quartus II 32-bit Version 13.0.1 Build 232 06/12/2013 Service Pack 1 SJ Full Version


---------------------
; Table of Contents ;
---------------------
  1. Legal Notice
  2. Flow Summary
  3. Flow Settings
  4. Flow Non-Default Global Settings
  5. Flow Elapsed Time
  6. Flow OS Summary
  7. Flow Log
  8. Flow Messages
  9. Flow Suppressed Messages



----------------
; Legal Notice ;
----------------
Copyright (C) 1991-2013 Altera Corporation
Your use of Altera Corporation's design tools, logic functions 
and other software and tools, and its AMPP partner logic 
functions, and any output files from any of the foregoing 
(including device programming or simulation files), and any 
associated documentation or information are expressly subject 
to the terms and conditions of the Altera Program License 
Subscription Agreement, Altera MegaCore Function License 
Agreement, or other applicable license agreement, including, 
without limitation, that your use is for the sole purpose of 
programming logic devices manufactured by Altera and sold by 
Altera or its authorized distributors.  Please refer to the 
applicable agreement for further details.



+---------------------------------------------------------------------------------------+
; Flow Summary                                                                          ;
+------------------------------------+--------------------------------------------------+
; Flow Status                        ; Successful - Tue Dec  3 18:05:36 2019            ;
; Quartus II 32-bit Version          ; 13.0.1 Build 232 06/12/2013 SP 1 SJ Full Version ;
; Revision Name                      ; contador-inventario-layzacs                      ;
; Top-level Entity Name              ; contador-bin-down                                ;
; Family                             ; Cyclone IV E                                     ;
; Device                             ; EP4CE30F23C7                                     ;
; Timing Models                      ; Final                                            ;
; Total logic elements               ; 5 / 28,848 ( < 1 % )                             ;
;     Total combinational functions  ; 5 / 28,848 ( < 1 % )                             ;
;     Dedicated logic registers      ; 4 / 28,848 ( < 1 % )                             ;
; Total registers                    ; 4                                                ;
; Total pins                         ; 7 / 329 ( 2 % )                                  ;
; Total virtual pins                 ; 0                                                ;
; Total memory bits                  ; 0 / 608,256 ( 0 % )                              ;
; Embedded Multiplier 9-bit elements ; 0 / 132 ( 0 % )                                  ;
; Total PLLs                         ; 0 / 4 ( 0 % )                                    ;
+------------------------------------+--------------------------------------------------+


+-------------------------------------------------+
; Flow Settings                                   ;
+-------------------+-----------------------------+
; Option            ; Setting                     ;
+-------------------+-----------------------------+
; Start date & time ; 12/03/2019 18:04:32         ;
; Main task         ; Compilation                 ;
; Revision Name     ; contador-inventario-layzacs ;
+-------------------+-----------------------------+


+-----------------------------------------------------------------------------------------------------------------------------------------+
; Flow Non-Default Global Settings                                                                                                        ;
+-------------------------------------+--------------------------------+-----------------------------+-------------------+----------------+
; Assignment Name                     ; Value                          ; Default Value               ; Entity Name       ; Section Id     ;
+-------------------------------------+--------------------------------+-----------------------------+-------------------+----------------+
; COMPILER_SIGNATURE_ID               ; 11373243925358.157539627131140 ; --                          ; --                ; --             ;
; EDA_GENERATE_FUNCTIONAL_NETLIST     ; On                             ; --                          ; --                ; eda_simulation ;
; EDA_OUTPUT_DATA_FORMAT              ; Verilog Hdl                    ; --                          ; --                ; eda_simulation ;
; EDA_SIMULATION_TOOL                 ; ModelSim-Altera (Verilog)      ; <None>                      ; --                ; --             ;
; MAX_CORE_JUNCTION_TEMP              ; 85                             ; --                          ; --                ; --             ;
; MIN_CORE_JUNCTION_TEMP              ; 0                              ; --                          ; --                ; --             ;
; NOMINAL_CORE_SUPPLY_VOLTAGE         ; 1.2V                           ; --                          ; --                ; --             ;
; PARTITION_COLOR                     ; 16764057                       ; --                          ; contador-bin-down ; Top            ;
; PARTITION_FITTER_PRESERVATION_LEVEL ; PLACEMENT_AND_ROUTING          ; --                          ; contador-bin-down ; Top            ;
; PARTITION_NETLIST_TYPE              ; SOURCE                         ; --                          ; contador-bin-down ; Top            ;
; PROJECT_OUTPUT_DIRECTORY            ; output_files                   ; --                          ; --                ; --             ;
; TOP_LEVEL_ENTITY                    ; contador-bin-down              ; contador-inventario-layzacs ; --                ; --             ;
+-------------------------------------+--------------------------------+-----------------------------+-------------------+----------------+


+-------------------------------------------------------------------------------------------------------------------------------+
; Flow Elapsed Time                                                                                                             ;
+---------------------------+--------------+-------------------------+---------------------+------------------------------------+
; Module Name               ; Elapsed Time ; Average Processors Used ; Peak Virtual Memory ; Total CPU Time (on all processors) ;
+---------------------------+--------------+-------------------------+---------------------+------------------------------------+
; Analysis & Synthesis      ; 00:00:05     ; 1.0                     ; 410 MB              ; 00:00:02                           ;
; Fitter                    ; 00:00:20     ; 3.6                     ; 856 MB              ; 00:00:30                           ;
; Assembler                 ; 00:00:05     ; 1.0                     ; 336 MB              ; 00:00:05                           ;
; TimeQuest Timing Analyzer ; 00:00:09     ; 1.0                     ; 474 MB              ; 00:00:04                           ;
; EDA Netlist Writer        ; 00:00:01     ; 1.0                     ; 309 MB              ; 00:00:01                           ;
; Total                     ; 00:00:40     ; --                      ; --                  ; 00:00:42                           ;
+---------------------------+--------------+-------------------------+---------------------+------------------------------------+


+----------------------------------------------------------------------------------------------------+
; Flow OS Summary                                                                                    ;
+---------------------------+-------------------------+----------------+------------+----------------+
; Module Name               ; Machine Hostname        ; OS Name        ; OS Version ; Processor type ;
+---------------------------+-------------------------+----------------+------------+----------------+
; Analysis & Synthesis      ; quartus-69b945f5b-c2njw ; Ubuntu 18.04.3 ; 18         ; x86_64         ;
; Fitter                    ; quartus-69b945f5b-c2njw ; Ubuntu 18.04.3 ; 18         ; x86_64         ;
; Assembler                 ; quartus-69b945f5b-c2njw ; Ubuntu 18.04.3 ; 18         ; x86_64         ;
; TimeQuest Timing Analyzer ; quartus-69b945f5b-c2njw ; Ubuntu 18.04.3 ; 18         ; x86_64         ;
; EDA Netlist Writer        ; quartus-69b945f5b-c2njw ; Ubuntu 18.04.3 ; 18         ; x86_64         ;
+---------------------------+-------------------------+----------------+------------+----------------+


------------
; Flow Log ;
------------
quartus_map --read_settings_files=on --write_settings_files=off contador-inventario-layzacs -c contador-inventario-layzacs
quartus_fit --read_settings_files=off --write_settings_files=off contador-inventario-layzacs -c contador-inventario-layzacs
quartus_asm --read_settings_files=off --write_settings_files=off contador-inventario-layzacs -c contador-inventario-layzacs
quartus_sta contador-inventario-layzacs -c contador-inventario-layzacs
quartus_eda --read_settings_files=off --write_settings_files=off contador-inventario-layzacs -c contador-inventario-layzacs



